{"/config/workspace/TEMPLATE-react-vite/src/components/index.jsx": {"path":"/config/workspace/TEMPLATE-react-vite/src/components/index.jsx","all":false,"statementMap":{"0":{"start":{"line":1,"column":0},"end":{"line":1,"column":46}}},"s":{"0":1},"branchMap":{},"b":{},"fnMap":{},"f":{}}
,"/config/workspace/TEMPLATE-react-vite/src/components/AnimateFadeIn/AnimateFadeIn.jsx": {"path":"/config/workspace/TEMPLATE-react-vite/src/components/AnimateFadeIn/AnimateFadeIn.jsx","all":false,"statementMap":{"0":{"start":{"line":1,"column":0},"end":{"line":1,"column":0}},"1":{"start":{"line":2,"column":0},"end":{"line":2,"column":52}},"3":{"start":{"line":4,"column":0},"end":{"line":4,"column":28}},"4":{"start":{"line":5,"column":0},"end":{"line":5,"column":46}},"6":{"start":{"line":7,"column":0},"end":{"line":7,"column":44}},"8":{"start":{"line":9,"column":0},"end":{"line":9,"column":2}}},"s":{"0":1,"1":1,"3":10,"4":1,"6":10,"8":10},"branchMap":{"0":{"type":"branch","line":2,"loc":{"start":{"line":2,"column":29},"end":{"line":9,"column":2}},"locations":[{"start":{"line":2,"column":29},"end":{"line":9,"column":2}}]},"1":{"type":"branch","line":4,"loc":{"start":{"line":4,"column":15},"end":{"line":7,"column":3}},"locations":[{"start":{"line":4,"column":15},"end":{"line":7,"column":3}}]}},"b":{"0":[10],"1":[1]},"fnMap":{"0":{"name":"AnimateFadeIn","decl":{"start":{"line":2,"column":29},"end":{"line":9,"column":2}},"loc":{"start":{"line":2,"column":29},"end":{"line":9,"column":2}},"line":2}},"f":{"0":10}}
,"/config/workspace/TEMPLATE-react-vite/src/components/AnimateFadeIn/index.jsx": {"path":"/config/workspace/TEMPLATE-react-vite/src/components/AnimateFadeIn/index.jsx","all":false,"statementMap":{"0":{"start":{"line":1,"column":0},"end":{"line":1,"column":46}}},"s":{"0":1},"branchMap":{},"b":{},"fnMap":{},"f":{}}
,"/config/workspace/TEMPLATE-react-vite/src/components/App/App.jsx": {"path":"/config/workspace/TEMPLATE-react-vite/src/components/App/App.jsx","all":false,"statementMap":{"0":{"start":{"line":1,"column":0},"end":{"line":1,"column":49}},"1":{"start":{"line":2,"column":0},"end":{"line":2,"column":39}},"2":{"start":{"line":3,"column":0},"end":{"line":3,"column":41}},"4":{"start":{"line":5,"column":0},"end":{"line":5,"column":26}},"5":{"start":{"line":6,"column":0},"end":{"line":6,"column":62}},"7":{"start":{"line":8,"column":0},"end":{"line":8,"column":31}},"8":{"start":{"line":9,"column":0},"end":{"line":9,"column":19}},"9":{"start":{"line":10,"column":0},"end":{"line":10,"column":3}},"11":{"start":{"line":12,"column":0},"end":{"line":12,"column":31}},"12":{"start":{"line":13,"column":0},"end":{"line":13,"column":19}},"13":{"start":{"line":14,"column":0},"end":{"line":14,"column":3}},"15":{"start":{"line":16,"column":0},"end":{"line":16,"column":28}},"16":{"start":{"line":17,"column":0},"end":{"line":17,"column":10}},"17":{"start":{"line":18,"column":0},"end":{"line":18,"column":3}},"19":{"start":{"line":20,"column":0},"end":{"line":20,"column":9}},"20":{"start":{"line":21,"column":0},"end":{"line":21,"column":33}},"21":{"start":{"line":22,"column":0},"end":{"line":22,"column":40}},"22":{"start":{"line":23,"column":0},"end":{"line":23,"column":25}},"23":{"start":{"line":24,"column":0},"end":{"line":24,"column":28}},"25":{"start":{"line":26,"column":0},"end":{"line":26,"column":38}},"26":{"start":{"line":27,"column":0},"end":{"line":27,"column":56}},"28":{"start":{"line":29,"column":0},"end":{"line":29,"column":49}},"29":{"start":{"line":30,"column":0},"end":{"line":30,"column":13}},"30":{"start":{"line":31,"column":0},"end":{"line":31,"column":55}},"31":{"start":{"line":32,"column":0},"end":{"line":32,"column":34}},"32":{"start":{"line":33,"column":0},"end":{"line":33,"column":31}},"34":{"start":{"line":35,"column":0},"end":{"line":35,"column":73}},"35":{"start":{"line":36,"column":0},"end":{"line":36,"column":73}},"37":{"start":{"line":38,"column":0},"end":{"line":38,"column":13}},"38":{"start":{"line":39,"column":0},"end":{"line":39,"column":55}},"39":{"start":{"line":40,"column":0},"end":{"line":40,"column":34}},"40":{"start":{"line":41,"column":0},"end":{"line":41,"column":31}},"42":{"start":{"line":43,"column":0},"end":{"line":43,"column":73}},"43":{"start":{"line":44,"column":0},"end":{"line":44,"column":73}},"45":{"start":{"line":46,"column":0},"end":{"line":46,"column":13}},"46":{"start":{"line":47,"column":0},"end":{"line":47,"column":52}},"47":{"start":{"line":48,"column":0},"end":{"line":48,"column":31}},"48":{"start":{"line":49,"column":0},"end":{"line":49,"column":28}},"50":{"start":{"line":51,"column":0},"end":{"line":51,"column":70}},"51":{"start":{"line":52,"column":0},"end":{"line":52,"column":73}},"54":{"start":{"line":55,"column":0},"end":{"line":55,"column":41}},"55":{"start":{"line":56,"column":0},"end":{"line":56,"column":18}},"61":{"start":{"line":62,"column":0},"end":{"line":62,"column":2}}},"s":{"0":1,"1":1,"2":1,"4":1,"5":8,"7":8,"8":2,"9":2,"11":8,"12":1,"13":1,"15":8,"16":1,"17":1,"19":8,"20":8,"21":8,"22":8,"23":8,"25":8,"26":8,"28":8,"29":8,"30":8,"31":8,"32":8,"34":8,"35":8,"37":8,"38":8,"39":8,"40":8,"42":8,"43":8,"45":8,"46":8,"47":8,"48":8,"50":8,"51":8,"54":8,"55":8,"61":8},"branchMap":{"0":{"type":"branch","line":5,"loc":{"start":{"line":5,"column":19},"end":{"line":62,"column":2}},"locations":[{"start":{"line":5,"column":19},"end":{"line":62,"column":2}}]},"1":{"type":"branch","line":8,"loc":{"start":{"line":8,"column":24},"end":{"line":10,"column":3}},"locations":[{"start":{"line":8,"column":24},"end":{"line":10,"column":3}}]},"2":{"type":"branch","line":12,"loc":{"start":{"line":12,"column":24},"end":{"line":14,"column":3}},"locations":[{"start":{"line":12,"column":24},"end":{"line":14,"column":3}}]},"3":{"type":"branch","line":16,"loc":{"start":{"line":16,"column":21},"end":{"line":18,"column":3}},"locations":[{"start":{"line":16,"column":21},"end":{"line":18,"column":3}}]}},"b":{"0":[8],"1":[2],"2":[1],"3":[1]},"fnMap":{"0":{"name":"App","decl":{"start":{"line":5,"column":19},"end":{"line":62,"column":2}},"loc":{"start":{"line":5,"column":19},"end":{"line":62,"column":2}},"line":5},"1":{"name":"handleIncrease","decl":{"start":{"line":8,"column":24},"end":{"line":10,"column":3}},"loc":{"start":{"line":8,"column":24},"end":{"line":10,"column":3}},"line":8},"2":{"name":"handleDecrease","decl":{"start":{"line":12,"column":24},"end":{"line":14,"column":3}},"loc":{"start":{"line":12,"column":24},"end":{"line":14,"column":3}},"line":12},"3":{"name":"handleReset","decl":{"start":{"line":16,"column":21},"end":{"line":18,"column":3}},"loc":{"start":{"line":16,"column":21},"end":{"line":18,"column":3}},"line":16}},"f":{"0":8,"1":2,"2":1,"3":1}}
,"/config/workspace/TEMPLATE-react-vite/src/components/App/index.jsx": {"path":"/config/workspace/TEMPLATE-react-vite/src/components/App/index.jsx","all":false,"statementMap":{"0":{"start":{"line":1,"column":0},"end":{"line":1,"column":26}}},"s":{"0":1},"branchMap":{},"b":{},"fnMap":{},"f":{}}
,"/config/workspace/TEMPLATE-react-vite/src/components/Products/Products.jsx": {"path":"/config/workspace/TEMPLATE-react-vite/src/components/Products/Products.jsx","all":false,"statementMap":{"0":{"start":{"line":1,"column":0},"end":{"line":1,"column":42}},"2":{"start":{"line":3,"column":0},"end":{"line":3,"column":31}},"3":{"start":{"line":4,"column":0},"end":{"line":4,"column":45}},"5":{"start":{"line":6,"column":0},"end":{"line":6,"column":41}},"7":{"start":{"line":8,"column":0},"end":{"line":8,"column":29}},"8":{"start":{"line":9,"column":0},"end":{"line":9,"column":20}},"9":{"start":{"line":10,"column":0},"end":{"line":10,"column":18}},"10":{"start":{"line":11,"column":0},"end":{"line":11,"column":27}},"11":{"start":{"line":12,"column":0},"end":{"line":12,"column":3}},"13":{"start":{"line":14,"column":0},"end":{"line":14,"column":72}},"15":{"start":{"line":16,"column":0},"end":{"line":16,"column":42}},"16":{"start":{"line":17,"column":0},"end":{"line":17,"column":52}},"17":{"start":{"line":18,"column":0},"end":{"line":18,"column":50}},"18":{"start":{"line":19,"column":0},"end":{"line":19,"column":8}},"19":{"start":{"line":20,"column":0},"end":{"line":20,"column":36}},"20":{"start":{"line":21,"column":0},"end":{"line":21,"column":24}},"21":{"start":{"line":22,"column":0},"end":{"line":22,"column":24}},"24":{"start":{"line":25,"column":0},"end":{"line":25,"column":59}},"25":{"start":{"line":26,"column":0},"end":{"line":26,"column":42}},"26":{"start":{"line":27,"column":0},"end":{"line":27,"column":70}},"27":{"start":{"line":28,"column":0},"end":{"line":28,"column":39}},"28":{"start":{"line":29,"column":0},"end":{"line":29,"column":40}},"30":{"start":{"line":31,"column":0},"end":{"line":31,"column":59}},"32":{"start":{"line":33,"column":0},"end":{"line":33,"column":52}},"33":{"start":{"line":34,"column":0},"end":{"line":34,"column":69}},"40":{"start":{"line":41,"column":0},"end":{"line":41,"column":9}},"41":{"start":{"line":42,"column":0},"end":{"line":42,"column":4}},"42":{"start":{"line":43,"column":0},"end":{"line":43,"column":16}},"43":{"start":{"line":44,"column":0},"end":{"line":44,"column":42}},"45":{"start":{"line":46,"column":0},"end":{"line":46,"column":39}},"46":{"start":{"line":47,"column":0},"end":{"line":47,"column":87}},"47":{"start":{"line":48,"column":0},"end":{"line":48,"column":87}},"48":{"start":{"line":49,"column":0},"end":{"line":49,"column":87}},"53":{"start":{"line":54,"column":0},"end":{"line":54,"column":2}}},"s":{"0":1,"2":1,"3":10,"5":10,"7":10,"8":10,"9":10,"10":10,"11":10,"13":10,"15":10,"16":10,"17":10,"18":10,"19":10,"20":10,"21":10,"24":10,"25":10,"26":10,"27":10,"28":10,"30":10,"32":10,"33":10,"40":10,"41":10,"42":10,"43":1,"45":10,"46":10,"47":10,"48":10,"53":10},"branchMap":{"0":{"type":"branch","line":3,"loc":{"start":{"line":3,"column":24},"end":{"line":54,"column":2}},"locations":[{"start":{"line":3,"column":24},"end":{"line":54,"column":2}}]},"1":{"type":"branch","line":43,"loc":{"start":{"line":43,"column":5},"end":{"line":46,"column":5}},"locations":[{"start":{"line":43,"column":5},"end":{"line":46,"column":5}}]}},"b":{"0":[10],"1":[1]},"fnMap":{"0":{"name":"Products","decl":{"start":{"line":3,"column":24},"end":{"line":54,"column":2}},"loc":{"start":{"line":3,"column":24},"end":{"line":54,"column":2}},"line":3}},"f":{"0":10}}
,"/config/workspace/TEMPLATE-react-vite/src/components/Products/index.jsx": {"path":"/config/workspace/TEMPLATE-react-vite/src/components/Products/index.jsx","all":false,"statementMap":{"0":{"start":{"line":1,"column":0},"end":{"line":1,"column":38}}},"s":{"0":1},"branchMap":{},"b":{},"fnMap":{},"f":{}}
,"/config/workspace/TEMPLATE-react-vite/src/hooks/index.jsx": {"path":"/config/workspace/TEMPLATE-react-vite/src/hooks/index.jsx","all":false,"statementMap":{"0":{"start":{"line":1,"column":0},"end":{"line":1,"column":42}}},"s":{"0":1},"branchMap":{},"b":{},"fnMap":{},"f":{}}
,"/config/workspace/TEMPLATE-react-vite/src/hooks/useCounter.jsx": {"path":"/config/workspace/TEMPLATE-react-vite/src/hooks/useCounter.jsx","all":false,"statementMap":{"0":{"start":{"line":1,"column":0},"end":{"line":1,"column":33}},"2":{"start":{"line":3,"column":0},"end":{"line":3,"column":45}},"3":{"start":{"line":4,"column":0},"end":{"line":4,"column":50}},"5":{"start":{"line":6,"column":0},"end":{"line":6,"column":26}},"6":{"start":{"line":7,"column":0},"end":{"line":7,"column":31}},"7":{"start":{"line":8,"column":0},"end":{"line":8,"column":3}},"9":{"start":{"line":10,"column":0},"end":{"line":10,"column":26}},"10":{"start":{"line":11,"column":0},"end":{"line":11,"column":22}},"11":{"start":{"line":12,"column":0},"end":{"line":12,"column":34}},"12":{"start":{"line":13,"column":0},"end":{"line":13,"column":19}},"13":{"start":{"line":14,"column":0},"end":{"line":14,"column":5}},"14":{"start":{"line":15,"column":0},"end":{"line":15,"column":3}},"16":{"start":{"line":17,"column":0},"end":{"line":17,"column":22}},"17":{"start":{"line":18,"column":0},"end":{"line":18,"column":14}},"18":{"start":{"line":19,"column":0},"end":{"line":19,"column":3}},"20":{"start":{"line":21,"column":0},"end":{"line":21,"column":47}},"21":{"start":{"line":22,"column":0},"end":{"line":22,"column":2}}},"s":{"0":1,"2":1,"3":15,"5":15,"6":3,"7":3,"9":15,"10":2,"11":2,"12":2,"13":2,"14":2,"16":15,"17":2,"18":2,"20":15,"21":15},"branchMap":{"0":{"type":"branch","line":3,"loc":{"start":{"line":3,"column":26},"end":{"line":22,"column":2}},"locations":[{"start":{"line":3,"column":26},"end":{"line":22,"column":2}}]},"1":{"type":"branch","line":6,"loc":{"start":{"line":6,"column":19},"end":{"line":8,"column":3}},"locations":[{"start":{"line":6,"column":19},"end":{"line":8,"column":3}}]},"2":{"type":"branch","line":7,"loc":{"start":{"line":7,"column":11},"end":{"line":7,"column":31}},"locations":[{"start":{"line":7,"column":11},"end":{"line":7,"column":31}}]},"3":{"type":"branch","line":10,"loc":{"start":{"line":10,"column":19},"end":{"line":15,"column":3}},"locations":[{"start":{"line":10,"column":19},"end":{"line":15,"column":3}}]},"4":{"type":"branch","line":11,"loc":{"start":{"line":11,"column":11},"end":{"line":14,"column":5}},"locations":[{"start":{"line":11,"column":11},"end":{"line":14,"column":5}}]},"5":{"type":"branch","line":17,"loc":{"start":{"line":17,"column":15},"end":{"line":19,"column":3}},"locations":[{"start":{"line":17,"column":15},"end":{"line":19,"column":3}}]}},"b":{"0":[15],"1":[3],"2":[3],"3":[2],"4":[2],"5":[2]},"fnMap":{"0":{"name":"useCounter","decl":{"start":{"line":3,"column":26},"end":{"line":22,"column":2}},"loc":{"start":{"line":3,"column":26},"end":{"line":22,"column":2}},"line":3},"1":{"name":"increment","decl":{"start":{"line":6,"column":19},"end":{"line":8,"column":3}},"loc":{"start":{"line":6,"column":19},"end":{"line":8,"column":3}},"line":6},"2":{"name":"decrement","decl":{"start":{"line":10,"column":19},"end":{"line":15,"column":3}},"loc":{"start":{"line":10,"column":19},"end":{"line":15,"column":3}},"line":10},"3":{"name":"reset","decl":{"start":{"line":17,"column":15},"end":{"line":19,"column":3}},"loc":{"start":{"line":17,"column":15},"end":{"line":19,"column":3}},"line":17}},"f":{"0":15,"1":3,"2":2,"3":2}}
,"/config/workspace/TEMPLATE-react-vite/src/hooks/useProducts.jsx": {"path":"/config/workspace/TEMPLATE-react-vite/src/hooks/useProducts.jsx","all":false,"statementMap":{"0":{"start":{"line":1,"column":0},"end":{"line":1,"column":46}},"1":{"start":{"line":2,"column":0},"end":{"line":2,"column":87}},"3":{"start":{"line":4,"column":0},"end":{"line":4,"column":44}},"5":{"start":{"line":6,"column":0},"end":{"line":6,"column":52}},"7":{"start":{"line":8,"column":0},"end":{"line":8,"column":34}},"8":{"start":{"line":9,"column":0},"end":{"line":9,"column":46}},"9":{"start":{"line":10,"column":0},"end":{"line":10,"column":46}},"10":{"start":{"line":11,"column":0},"end":{"line":11,"column":40}},"12":{"start":{"line":13,"column":0},"end":{"line":13,"column":51}},"13":{"start":{"line":14,"column":0},"end":{"line":14,"column":7}},"14":{"start":{"line":15,"column":0},"end":{"line":15,"column":42}},"15":{"start":{"line":16,"column":0},"end":{"line":16,"column":35}},"16":{"start":{"line":17,"column":0},"end":{"line":17,"column":6}},"18":{"start":{"line":19,"column":0},"end":{"line":19,"column":38}},"19":{"start":{"line":20,"column":0},"end":{"line":20,"column":21}},"20":{"start":{"line":21,"column":0},"end":{"line":21,"column":19}},"21":{"start":{"line":22,"column":0},"end":{"line":22,"column":19}},"22":{"start":{"line":23,"column":0},"end":{"line":23,"column":13}},"23":{"start":{"line":24,"column":0},"end":{"line":24,"column":21}},"24":{"start":{"line":25,"column":0},"end":{"line":25,"column":3}},"25":{"start":{"line":26,"column":0},"end":{"line":26,"column":3}},"27":{"start":{"line":28,"column":0},"end":{"line":28,"column":18}},"28":{"start":{"line":29,"column":0},"end":{"line":29,"column":48}},"29":{"start":{"line":30,"column":0},"end":{"line":30,"column":33}},"31":{"start":{"line":32,"column":0},"end":{"line":32,"column":16}},"32":{"start":{"line":33,"column":0},"end":{"line":33,"column":27}},"33":{"start":{"line":34,"column":0},"end":{"line":34,"column":4}},"34":{"start":{"line":35,"column":0},"end":{"line":35,"column":8}},"36":{"start":{"line":37,"column":0},"end":{"line":37,"column":37}},"37":{"start":{"line":38,"column":0},"end":{"line":38,"column":2}}},"s":{"0":1,"1":1,"3":1,"5":1,"7":1,"8":17,"9":17,"10":17,"12":17,"13":10,"14":10,"15":10,"16":10,"18":2,"19":2,"20":10,"21":8,"22":10,"23":10,"24":10,"25":10,"27":17,"28":10,"29":10,"31":10,"32":10,"33":10,"34":17,"36":17,"37":17},"branchMap":{"0":{"type":"branch","line":8,"loc":{"start":{"line":8,"column":27},"end":{"line":38,"column":2}},"locations":[{"start":{"line":8,"column":27},"end":{"line":38,"column":2}}]},"1":{"type":"branch","line":13,"loc":{"start":{"line":13,"column":23},"end":{"line":26,"column":3}},"locations":[{"start":{"line":13,"column":23},"end":{"line":26,"column":3}}]},"2":{"type":"branch","line":17,"loc":{"start":{"line":17,"column":3},"end":{"line":21,"column":4}},"locations":[{"start":{"line":17,"column":3},"end":{"line":21,"column":4}}]},"3":{"type":"branch","line":21,"loc":{"start":{"line":21,"column":4},"end":{"line":23,"column":12}},"locations":[{"start":{"line":21,"column":4},"end":{"line":23,"column":12}}]},"4":{"type":"branch","line":28,"loc":{"start":{"line":28,"column":11},"end":{"line":35,"column":4}},"locations":[{"start":{"line":28,"column":11},"end":{"line":35,"column":4}}]},"5":{"type":"branch","line":32,"loc":{"start":{"line":32,"column":9},"end":{"line":34,"column":4}},"locations":[{"start":{"line":32,"column":9},"end":{"line":34,"column":4}}]}},"b":{"0":[17],"1":[10],"2":[2],"3":[8],"4":[10],"5":[10]},"fnMap":{"0":{"name":"useProducts","decl":{"start":{"line":8,"column":27},"end":{"line":38,"column":2}},"loc":{"start":{"line":8,"column":27},"end":{"line":38,"column":2}},"line":8},"1":{"name":"fetchProducts","decl":{"start":{"line":13,"column":23},"end":{"line":26,"column":3}},"loc":{"start":{"line":13,"column":23},"end":{"line":26,"column":3}},"line":13}},"f":{"0":17,"1":10}}
}
